105	1.000000	yes/Y154.jpg
161	1.000000	yes/Y258.JPG
22	0.000000	no/34 no.jpg
167	1.000000	yes/Y3.jpg
176	1.000000	yes/Y41.jpg
132	1.000000	yes/Y187.jpg
178	1.000000	yes/Y44.JPG
182	1.000000	yes/Y50.JPG
108	1.000000	yes/Y157.JPG
97	1.000000	yes/Y120.JPG
149	1.000000	yes/Y247.JPG
18	0.000000	no/29 no.jpg
77	0.000000	no/no.jpg
80	1.000000	yes/Y102.jpg
55	0.000000	no/No18.jpg
156	1.000000	yes/Y253.JPG
10	0.000000	no/20 no.jpg
68	0.000000	no/no 9.png
23	0.000000	no/35 no.jpg
43	0.000000	no/N2.JPG
185	1.000000	yes/Y54.jpg
59	0.000000	no/No22.jpg
201	1.000000	yes/Y8.jpg
66	0.000000	no/no 8.jpg
73	0.000000	no/no 95.jpg
125	1.000000	yes/Y180.jpg
40	0.000000	no/N11.jpg
7	0.000000	no/17 no.jpg
121	1.000000	yes/Y169.jpg
62	0.000000	no/no 4.jpg
47	0.000000	no/N5.jpg
109	1.000000	yes/Y158.JPG
2	0.000000	no/11 no.jpg
146	1.000000	yes/Y244.JPG
183	1.000000	yes/Y51.jpg
0	0.000000	no/1 no.jpeg
57	0.000000	no/No20.jpg
98	1.000000	yes/Y13.jpg
3	0.000000	no/12 no.jpg
119	1.000000	yes/Y167.JPG
54	0.000000	no/No17.jpg
205	1.000000	yes/Y9.jpg
137	1.000000	yes/Y194.jpg
75	0.000000	no/no 98.jpg
173	1.000000	yes/Y35.jpg
177	1.000000	yes/Y42.jpg
151	1.000000	yes/Y249.JPG
50	0.000000	no/No13.jpg
124	1.000000	yes/Y18.JPG
9	0.000000	no/2 no.jpeg
107	1.000000	yes/Y156.JPG
16	0.000000	no/26 no.jpg
134	1.000000	yes/Y19.JPG
38	0.000000	no/8 no.jpg
106	1.000000	yes/Y155.JPG
33	0.000000	no/48 no.jpeg
29	0.000000	no/43 no.jpg
206	1.000000	yes/Y91.jpg
21	0.000000	no/33 no.jpg
194	1.000000	yes/Y7.jpg
30	0.000000	no/44no.jpg
195	1.000000	yes/Y70.jpg
34	0.000000	no/5 no.jpg
71	0.000000	no/no 923.jpg
143	1.000000	yes/Y24.jpg
8	0.000000	no/18 no.jpg
190	1.000000	yes/Y62.jpg
133	1.000000	yes/Y188.jpg
11	0.000000	no/21 no.jpg
147	1.000000	yes/Y245.jpg
17	0.000000	no/27 no.jpg
81	1.000000	yes/Y103.jpg
192	1.000000	yes/Y66.JPG
164	1.000000	yes/Y27.jpg
191	1.000000	yes/Y65.JPG
140	1.000000	yes/Y20.jpg
78	1.000000	yes/Y1.jpg
155	1.000000	yes/Y252.jpg
120	1.000000	yes/Y168.jpg
196	1.000000	yes/Y71.JPG
56	0.000000	no/No19.jpg
4	0.000000	no/13 no.jpg
69	0.000000	no/no 90.jpg
198	1.000000	yes/Y76.jpg
82	1.000000	yes/Y104.jpg
84	1.000000	yes/Y106.jpg
112	1.000000	yes/Y160.JPG
19	0.000000	no/31 no.jpg
148	1.000000	yes/Y246.JPG
51	0.000000	no/No14.jpg
127	1.000000	yes/Y182.JPG
179	1.000000	yes/Y45.JPG
5	0.000000	no/14 no.jpg
26	0.000000	no/40 no.jpg
175	1.000000	yes/Y4.jpg
162	1.000000	yes/Y259.JPG
122	1.000000	yes/Y17.jpg
115	1.000000	yes/Y163.JPG
24	0.000000	no/36 no.jpg
157	1.000000	yes/Y254.jpg
130	1.000000	yes/Y185.jpg
181	1.000000	yes/Y49.JPG
170	1.000000	yes/Y32.jpg
203	1.000000	yes/Y82.jpg
128	1.000000	yes/Y183.jpg
184	1.000000	yes/Y53.jpg
72	0.000000	no/no 94.jpg
93	1.000000	yes/Y115.JPG
95	1.000000	yes/Y117.JPG
174	1.000000	yes/Y37.jpg
150	1.000000	yes/Y248.JPG
27	0.000000	no/41 no.jpg
186	1.000000	yes/Y56.jpg
193	1.000000	yes/Y69.jpg
39	0.000000	no/9 no.jpg
209	1.000000	yes/Y98.JPG
199	1.000000	yes/Y78.jpg
113	1.000000	yes/Y161.JPG
139	1.000000	yes/Y2.jpg
204	1.000000	yes/Y89.JPG
158	1.000000	yes/Y255.JPG
91	1.000000	yes/Y113.JPG
153	1.000000	yes/Y250.jpg
202	1.000000	yes/Y81.jpg
90	1.000000	yes/Y112.JPG
35	0.000000	no/50 no.jpg
172	1.000000	yes/Y34.jpg
152	1.000000	yes/Y25.jpg
159	1.000000	yes/Y256.JPG
83	1.000000	yes/Y105.jpg
14	0.000000	no/24 no.jpg
169	1.000000	yes/Y31.jpg
65	0.000000	no/no 7.jpeg
126	1.000000	yes/Y181.jpg
131	1.000000	yes/Y186.jpg
145	1.000000	yes/Y243.JPG
61	0.000000	no/no 100.jpg
64	0.000000	no/no 6.jpg
111	1.000000	yes/Y16.JPG
76	0.000000	no/no 99.jpg
25	0.000000	no/4 no.jpg
15	0.000000	no/25 no.jpg
102	1.000000	yes/Y148.JPG
123	1.000000	yes/Y170.JPG
92	1.000000	yes/Y114.JPG
138	1.000000	yes/Y195.JPG
87	1.000000	yes/Y109.JPG
135	1.000000	yes/Y192.JPG
86	1.000000	yes/Y108.jpg
74	0.000000	no/no 96.jpg
200	1.000000	yes/Y79.jpg
63	0.000000	no/no 5.jpeg
13	0.000000	no/23 no.jpg
141	1.000000	yes/Y21.jpg
32	0.000000	no/47 no.jpg
99	1.000000	yes/Y14.jpg
114	1.000000	yes/Y162.jpg
60	0.000000	no/no 1.jpg
6	0.000000	no/15 no.jpg
42	0.000000	no/N17.jpg
49	0.000000	no/No12.jpg
171	1.000000	yes/Y33.jpg
144	1.000000	yes/Y242.JPG
210	1.000000	yes/Y99.JPG
101	1.000000	yes/Y147.JPG
154	1.000000	yes/Y251.JPG
1	0.000000	no/10 no.jpg
46	0.000000	no/N3.jpg
207	1.000000	yes/Y92.png
163	1.000000	yes/Y26.jpg
166	1.000000	yes/Y29.jpg
41	0.000000	no/N16.jpg
96	1.000000	yes/Y12.jpg
70	0.000000	no/no 91.jpeg
142	1.000000	yes/Y23.JPG
118	1.000000	yes/Y166.JPG
103	1.000000	yes/Y15.jpg
53	0.000000	no/No16.jpg
104	1.000000	yes/Y153.jpg
160	1.000000	yes/Y257.jpg
94	1.000000	yes/Y116.JPG
88	1.000000	yes/Y11.jpg
48	0.000000	no/N6.jpg
36	0.000000	no/6 no.jpg
45	0.000000	no/N26.JPG
189	1.000000	yes/Y61.jpg
79	1.000000	yes/Y10.jpg
58	0.000000	no/No21.jpg
85	1.000000	yes/Y107.jpg
52	0.000000	no/No15.jpg
165	1.000000	yes/Y28.jpg
168	1.000000	yes/Y30.jpg
12	0.000000	no/22 no.jpg
67	0.000000	no/no 89.jpg
208	1.000000	yes/Y95.jpg
188	1.000000	yes/Y60.jpg
20	0.000000	no/32 no.jpg
31	0.000000	no/45 no.jpg
136	1.000000	yes/Y193.JPG
28	0.000000	no/42 no.jpg
129	1.000000	yes/Y184.JPG
110	1.000000	yes/Y159.JPG
89	1.000000	yes/Y111.JPG
187	1.000000	yes/Y6.jpg
100	1.000000	yes/Y146.JPG
180	1.000000	yes/Y47.JPG
44	0.000000	no/N22.JPG
197	1.000000	yes/Y74.jpg
116	1.000000	yes/Y164.JPG
117	1.000000	yes/Y165.JPG
37	0.000000	no/7 no.jpg
